# JRE version: OpenJDK Runtime Environment (8.0_152-b01) (build 1.8.0_152-release-1343-b01)
# Java VM: OpenJDK 64-Bit Server VM (25.152-b01 mixed mode windows-amd64 compressed oops)
Heap:
 PSYoungGen      total 201216K, used 162183K [0x00000000eaf80000, 0x00000000f9a80000, 0x0000000100000000)
  eden space 187904K, 79% used [0x00000000eaf80000,0x00000000f4111f68,0x00000000f6700000)
  from space 13312K, 98% used [0x00000000f8d80000,0x00000000f9a50000,0x00000000f9a80000)
  to   space 18432K, 0% used [0x00000000f7680000,0x00000000f7680000,0x00000000f8880000)
 ParOldGen       total 69632K, used 35635K [0x00000000c0e00000, 0x00000000c5200000, 0x00000000eaf80000)
  object space 69632K, 51% used [0x00000000c0e00000,0x00000000c30ccef0,0x00000000c5200000)
 Metaspace       used 19282K, capacity 20200K, committed 20480K, reserved 1067008K
  class space    used 1959K, capacity 2294K, committed 2304K, reserved 1048576K
GC Heap History (10 events):
Event: 20.444 GC heap before
{Heap before GC invocations=7 (full 0):
 PSYoungGen      total 72192K, used 70153K [0x00000000eaf80000, 0x00000000efd80000, 0x0000000100000000)
  eden space 65536K, 100% used [0x00000000eaf80000,0x00000000eef80000,0x00000000eef80000)
  from space 6656K, 69% used [0x00000000ef700000,0x00000000efb826b8,0x00000000efd80000)
  to   space 7168K, 0% used [0x00000000eef80000,0x00000000eef80000,0x00000000ef680000)
 ParOldGen       total 44032K, used 10314K [0x00000000c0e00000, 0x00000000c3900000, 0x00000000eaf80000)
  object space 44032K, 23% used [0x00000000c0e00000,0x00000000c1812ac8,0x00000000c3900000)
 Metaspace       used 15993K, capacity 16666K, committed 16896K, reserved 1064960K
  class space    used 1731K, capacity 1999K, committed 2048K, reserved 1048576K
Event: 20.466 GC heap after
Heap after GC invocations=7 (full 0):
 PSYoungGen      total 72704K, used 5809K [0x00000000eaf80000, 0x00000000f3e80000, 0x0000000100000000)
  eden space 65536K, 0% used [0x00000000eaf80000,0x00000000eaf80000,0x00000000eef80000)
  from space 7168K, 81% used [0x00000000eef80000,0x00000000ef52c780,0x00000000ef680000)
  to   space 7680K, 0% used [0x00000000f3700000,0x00000000f3700000,0x00000000f3e80000)
 ParOldGen       total 44032K, used 10710K [0x00000000c0e00000, 0x00000000c3900000, 0x00000000eaf80000)
  object space 44032K, 24% used [0x00000000c0e00000,0x00000000c1875ad8,0x00000000c3900000)
 Metaspace       used 15993K, capacity 16666K, committed 16896K, reserved 1064960K
  class space    used 1731K, capacity 1999K, committed 2048K, reserved 1048576K
}
Event: 21.033 GC heap before
{Heap before GC invocations=8 (full 0):
 PSYoungGen      total 72704K, used 71345K [0x00000000eaf80000, 0x00000000f3e80000, 0x0000000100000000)
  eden space 65536K, 100% used [0x00000000eaf80000,0x00000000eef80000,0x00000000eef80000)
  from space 7168K, 81% used [0x00000000eef80000,0x00000000ef52c780,0x00000000ef680000)
  to   space 7680K, 0% used [0x00000000f3700000,0x00000000f3700000,0x00000000f3e80000)
 ParOldGen       total 44032K, used 10710K [0x00000000c0e00000, 0x00000000c3900000, 0x00000000eaf80000)
  object space 44032K, 24% used [0x00000000c0e00000,0x00000000c1875ad8,0x00000000c3900000)
 Metaspace       used 17477K, capacity 18302K, committed 18560K, reserved 1064960K
  class space    used 1843K, capacity 2153K, committed 2176K, reserved 1048576K
Event: 21.067 GC heap after
Heap after GC invocations=8 (full 0):
 PSYoungGen      total 137728K, used 4482K [0x00000000eaf80000, 0x00000000f3d80000, 0x0000000100000000)
  eden space 131072K, 0% used [0x00000000eaf80000,0x00000000eaf80000,0x00000000f2f80000)
  from space 6656K, 67% used [0x00000000f3700000,0x00000000f3b60b48,0x00000000f3d80000)
  to   space 7168K, 0% used [0x00000000f2f80000,0x00000000f2f80000,0x00000000f3680000)
 ParOldGen       total 44032K, used 12034K [0x00000000c0e00000, 0x00000000c3900000, 0x00000000eaf80000)
  object space 44032K, 27% used [0x00000000c0e00000,0x00000000c19c0b30,0x00000000c3900000)
 Metaspace       used 17477K, capacity 18302K, committed 18560K, reserved 1064960K
  class space    used 1843K, capacity 2153K, committed 2176K, reserved 1048576K
}
Event: 23.459 GC heap before
{Heap before GC invocations=9 (full 0):
 PSYoungGen      total 137728K, used 135554K [0x00000000eaf80000, 0x00000000f3d80000, 0x0000000100000000)
  eden space 131072K, 100% used [0x00000000eaf80000,0x00000000f2f80000,0x00000000f2f80000)
  from space 6656K, 67% used [0x00000000f3700000,0x00000000f3b60b48,0x00000000f3d80000)
  to   space 7168K, 0% used [0x00000000f2f80000,0x00000000f2f80000,0x00000000f3680000)
 ParOldGen       total 44032K, used 12034K [0x00000000c0e00000, 0x00000000c3900000, 0x00000000eaf80000)
  object space 44032K, 27% used [0x00000000c0e00000,0x00000000c19c0b30,0x00000000c3900000)
 Metaspace       used 19076K, capacity 19938K, committed 20224K, reserved 1067008K
  class space    used 1953K, capacity 2293K, committed 2304K, reserved 1048576K
Event: 23.568 GC heap after
Heap after GC invocations=9 (full 0):
 PSYoungGen      total 138240K, used 7168K [0x00000000eaf80000, 0x00000000f9e80000, 0x0000000100000000)
  eden space 131072K, 0% used [0x00000000eaf80000,0x00000000eaf80000,0x00000000f2f80000)
  from space 7168K, 100% used [0x00000000f2f80000,0x00000000f3680000,0x00000000f3680000)
  to   space 17408K, 0% used [0x00000000f8d80000,0x00000000f8d80000,0x00000000f9e80000)
 ParOldGen       total 44032K, used 35192K [0x00000000c0e00000, 0x00000000c3900000, 0x00000000eaf80000)
  object space 44032K, 79% used [0x00000000c0e00000,0x00000000c305e1e8,0x00000000c3900000)
 Metaspace       used 19076K, capacity 19938K, committed 20224K, reserved 1067008K
  class space    used 1953K, capacity 2293K, committed 2304K, reserved 1048576K
}
Event: 23.568 GC heap before
{Heap before GC invocations=10 (full 1):
 PSYoungGen      total 138240K, used 7168K [0x00000000eaf80000, 0x00000000f9e80000, 0x0000000100000000)
  eden space 131072K, 0% used [0x00000000eaf80000,0x00000000eaf80000,0x00000000f2f80000)
  from space 7168K, 100% used [0x00000000f2f80000,0x00000000f3680000,0x00000000f3680000)
  to   space 17408K, 0% used [0x00000000f8d80000,0x00000000f8d80000,0x00000000f9e80000)
 ParOldGen       total 44032K, used 35192K [0x00000000c0e00000, 0x00000000c3900000, 0x00000000eaf80000)
  object space 44032K, 79% used [0x00000000c0e00000,0x00000000c305e1e8,0x00000000c3900000)
 Metaspace       used 19076K, capacity 19938K, committed 20224K, reserved 1067008K
  class space    used 1953K, capacity 2293K, committed 2304K, reserved 1048576K
Event: 23.815 GC heap after
Heap after GC invocations=10 (full 1):
 PSYoungGen      total 138240K, used 0K [0x00000000eaf80000, 0x00000000f9e80000, 0x0000000100000000)
  eden space 131072K, 0% used [0x00000000eaf80000,0x00000000eaf80000,0x00000000f2f80000)
  from space 7168K, 0% used [0x00000000f2f80000,0x00000000f2f80000,0x00000000f3680000)
  to   space 17408K, 0% used [0x00000000f8d80000,0x00000000f8d80000,0x00000000f9e80000)
 ParOldGen       total 69632K, used 35627K [0x00000000c0e00000, 0x00000000c5200000, 0x00000000eaf80000)
  object space 69632K, 51% used [0x00000000c0e00000,0x00000000c30caef0,0x00000000c5200000)
 Metaspace       used 19076K, capacity 19938K, committed 20224K, reserved 1067008K
  class space    used 1953K, capacity 2293K, committed 2304K, reserved 1048576K
}
Event: 27.220 GC heap before
{Heap before GC invocations=11 (full 1):
 PSYoungGen      total 138240K, used 131072K [0x00000000eaf80000, 0x00000000f9e80000, 0x0000000100000000)
  eden space 131072K, 100% used [0x00000000eaf80000,0x00000000f2f80000,0x00000000f2f80000)
  from space 7168K, 0% used [0x00000000f2f80000,0x00000000f2f80000,0x00000000f3680000)
  to   space 17408K, 0% used [0x00000000f8d80000,0x00000000f8d80000,0x00000000f9e80000)
 ParOldGen       total 69632K, used 35627K [0x00000000c0e00000, 0x00000000c5200000, 0x00000000eaf80000)
  object space 69632K, 51% used [0x00000000c0e00000,0x00000000c30caef0,0x00000000c5200000)
 Metaspace       used 19242K, capacity 20066K, committed 20224K, reserved 1067008K
  class space    used 1954K, capacity 2293K, committed 2304K, reserved 1048576K
Event: 27.278 GC heap after
Heap after GC invocations=11 (full 1):
 PSYoungGen      total 201216K, used 13120K [0x00000000eaf80000, 0x00000000f9a80000, 0x0000000100000000)
  eden space 187904K, 0% used [0x00000000eaf80000,0x00000000eaf80000,0x00000000f6700000)
  from space 13312K, 98% used [0x00000000f8d80000,0x00000000f9a50000,0x00000000f9a80000)
  to   space 18432K, 0% used [0x00000000f7680000,0x00000000f7680000,0x00000000f8880000)
 ParOldGen       total 69632K, used 35635K [0x00000000c0e00000, 0x00000000c5200000, 0x00000000eaf80000)
  object space 69632K, 51% used [0x00000000c0e00000,0x00000000c30ccef0,0x00000000c5200000)
 Metaspace       used 19242K, capacity 20066K, committed 20224K, reserved 1067008K
  class space    used 1954K, capacity 2293K, committed 2304K, reserved 1048576K
}

