# JRE version: OpenJDK Runtime Environment (8.0_152-b01) (build 1.8.0_152-release-1343-b01)
# Java VM: OpenJDK 64-Bit Server VM (25.152-b01 mixed mode windows-amd64 compressed oops)
Heap:
 PSYoungGen      total 221696K, used 44809K [0x00000000eaf80000, 0x00000000fa980000, 0x0000000100000000)
  eden space 203264K, 12% used [0x00000000eaf80000,0x00000000ec947af8,0x00000000f7600000)
  from space 18432K, 99% used [0x00000000f7600000,0x00000000f87fa9a0,0x00000000f8800000)
  to   space 26112K, 0% used [0x00000000f9000000,0x00000000f9000000,0x00000000fa980000)
 ParOldGen       total 73728K, used 58824K [0x00000000c0e00000, 0x00000000c5600000, 0x00000000eaf80000)
  object space 73728K, 79% used [0x00000000c0e00000,0x00000000c4772290,0x00000000c5600000)
 Metaspace       used 31670K, capacity 33434K, committed 33536K, reserved 1079296K
  class space    used 3186K, capacity 3830K, committed 3840K, reserved 1048576K
GC Heap History (10 events):
Event: 15.541 GC heap before
{Heap before GC invocations=10 (full 1):
 PSYoungGen      total 137728K, used 6656K [0x00000000eaf80000, 0x00000000f9d80000, 0x0000000100000000)
  eden space 131072K, 0% used [0x00000000eaf80000,0x00000000eaf80000,0x00000000f2f80000)
  from space 6656K, 100% used [0x00000000f2f80000,0x00000000f3600000,0x00000000f3600000)
  to   space 16896K, 0% used [0x00000000f8d00000,0x00000000f8d00000,0x00000000f9d80000)
 ParOldGen       total 44032K, used 35291K [0x00000000c0e00000, 0x00000000c3900000, 0x00000000eaf80000)
  object space 44032K, 80% used [0x00000000c0e00000,0x00000000c3076ed8,0x00000000c3900000)
 Metaspace       used 19067K, capacity 19938K, committed 20224K, reserved 1067008K
  class space    used 1952K, capacity 2293K, committed 2304K, reserved 1048576K
Event: 16.086 GC heap after
Heap after GC invocations=10 (full 1):
 PSYoungGen      total 137728K, used 0K [0x00000000eaf80000, 0x00000000f9d80000, 0x0000000100000000)
  eden space 131072K, 0% used [0x00000000eaf80000,0x00000000eaf80000,0x00000000f2f80000)
  from space 6656K, 0% used [0x00000000f2f80000,0x00000000f2f80000,0x00000000f3600000)
  to   space 16896K, 0% used [0x00000000f8d00000,0x00000000f8d00000,0x00000000f9d80000)
 ParOldGen       total 73728K, used 35656K [0x00000000c0e00000, 0x00000000c5600000, 0x00000000eaf80000)
  object space 73728K, 48% used [0x00000000c0e00000,0x00000000c30d2248,0x00000000c5600000)
 Metaspace       used 19067K, capacity 19938K, committed 20224K, reserved 1067008K
  class space    used 1952K, capacity 2293K, committed 2304K, reserved 1048576K
}
Event: 21.653 GC heap before
{Heap before GC invocations=11 (full 1):
 PSYoungGen      total 137728K, used 131072K [0x00000000eaf80000, 0x00000000f9d80000, 0x0000000100000000)
  eden space 131072K, 100% used [0x00000000eaf80000,0x00000000f2f80000,0x00000000f2f80000)
  from space 6656K, 0% used [0x00000000f2f80000,0x00000000f2f80000,0x00000000f3600000)
  to   space 16896K, 0% used [0x00000000f8d00000,0x00000000f8d00000,0x00000000f9d80000)
 ParOldGen       total 73728K, used 35656K [0x00000000c0e00000, 0x00000000c5600000, 0x00000000eaf80000)
  object space 73728K, 48% used [0x00000000c0e00000,0x00000000c30d2248,0x00000000c5600000)
 Metaspace       used 19235K, capacity 20066K, committed 20224K, reserved 1067008K
  class space    used 1953K, capacity 2293K, committed 2304K, reserved 1048576K
Event: 21.749 GC heap after
Heap after GC invocations=11 (full 1):
 PSYoungGen      total 176640K, used 13152K [0x00000000eaf80000, 0x00000000f9a00000, 0x0000000100000000)
  eden space 163328K, 0% used [0x00000000eaf80000,0x00000000eaf80000,0x00000000f4f00000)
  from space 13312K, 98% used [0x00000000f8d00000,0x00000000f99d8000,0x00000000f9a00000)
  to   space 18432K, 0% used [0x00000000f7600000,0x00000000f7600000,0x00000000f8800000)
 ParOldGen       total 73728K, used 35664K [0x00000000c0e00000, 0x00000000c5600000, 0x00000000eaf80000)
  object space 73728K, 48% used [0x00000000c0e00000,0x00000000c30d4248,0x00000000c5600000)
 Metaspace       used 19235K, capacity 20066K, committed 20224K, reserved 1067008K
  class space    used 1953K, capacity 2293K, committed 2304K, reserved 1048576K
}
Event: 23.471 GC heap before
{Heap before GC invocations=12 (full 1):
 PSYoungGen      total 176640K, used 176480K [0x00000000eaf80000, 0x00000000f9a00000, 0x0000000100000000)
  eden space 163328K, 100% used [0x00000000eaf80000,0x00000000f4f00000,0x00000000f4f00000)
  from space 13312K, 98% used [0x00000000f8d00000,0x00000000f99d8000,0x00000000f9a00000)
  to   space 18432K, 0% used [0x00000000f7600000,0x00000000f7600000,0x00000000f8800000)
 ParOldGen       total 73728K, used 35664K [0x00000000c0e00000, 0x00000000c5600000, 0x00000000eaf80000)
  object space 73728K, 48% used [0x00000000c0e00000,0x00000000c30d4248,0x00000000c5600000)
 Metaspace       used 19563K, capacity 20410K, committed 20480K, reserved 1067008K
  class space    used 1989K, capacity 2299K, committed 2304K, reserved 1048576K
Event: 23.517 GC heap after
Heap after GC invocations=12 (full 1):
 PSYoungGen      total 221696K, used 18416K [0x00000000eaf80000, 0x00000000fa980000, 0x0000000100000000)
  eden space 203264K, 0% used [0x00000000eaf80000,0x00000000eaf80000,0x00000000f7600000)
  from space 18432K, 99% used [0x00000000f7600000,0x00000000f87fc030,0x00000000f8800000)
  to   space 26112K, 0% used [0x00000000f9000000,0x00000000f9000000,0x00000000fa980000)
 ParOldGen       total 73728K, used 48624K [0x00000000c0e00000, 0x00000000c5600000, 0x00000000eaf80000)
  object space 73728K, 65% used [0x00000000c0e00000,0x00000000c3d7c308,0x00000000c5600000)
 Metaspace       used 19563K, capacity 20410K, committed 20480K, reserved 1067008K
  class space    used 1989K, capacity 2299K, committed 2304K, reserved 1048576K
}
Event: 26.371 GC heap before
{Heap before GC invocations=13 (full 1):
 PSYoungGen      total 221696K, used 221680K [0x00000000eaf80000, 0x00000000fa980000, 0x0000000100000000)
  eden space 203264K, 100% used [0x00000000eaf80000,0x00000000f7600000,0x00000000f7600000)
  from space 18432K, 99% used [0x00000000f7600000,0x00000000f87fc030,0x00000000f8800000)
  to   space 26112K, 0% used [0x00000000f9000000,0x00000000f9000000,0x00000000fa980000)
 ParOldGen       total 73728K, used 48624K [0x00000000c0e00000, 0x00000000c5600000, 0x00000000eaf80000)
  object space 73728K, 65% used [0x00000000c0e00000,0x00000000c3d7c308,0x00000000c5600000)
 Metaspace       used 24731K, capacity 26120K, committed 26368K, reserved 1073152K
  class space    used 2451K, capacity 2949K, committed 3072K, reserved 1048576K
Event: 26.405 GC heap after
Heap after GC invocations=13 (full 1):
 PSYoungGen      total 229376K, used 17986K [0x00000000eaf80000, 0x00000000fa980000, 0x0000000100000000)
  eden space 203264K, 0% used [0x00000000eaf80000,0x00000000eaf80000,0x00000000f7600000)
  from space 26112K, 68% used [0x00000000f9000000,0x00000000fa190858,0x00000000fa980000)
  to   space 18432K, 0% used [0x00000000f7600000,0x00000000f7600000,0x00000000f8800000)
 ParOldGen       total 73728K, used 54887K [0x00000000c0e00000, 0x00000000c5600000, 0x00000000eaf80000)
  object space 73728K, 74% used [0x00000000c0e00000,0x00000000c4399d10,0x00000000c5600000)
 Metaspace       used 24731K, capacity 26120K, committed 26368K, reserved 1073152K
  class space    used 2451K, capacity 2949K, committed 3072K, reserved 1048576K
}
Event: 28.952 GC heap before
{Heap before GC invocations=14 (full 1):
 PSYoungGen      total 229376K, used 221250K [0x00000000eaf80000, 0x00000000fa980000, 0x0000000100000000)
  eden space 203264K, 100% used [0x00000000eaf80000,0x00000000f7600000,0x00000000f7600000)
  from space 26112K, 68% used [0x00000000f9000000,0x00000000fa190858,0x00000000fa980000)
  to   space 18432K, 0% used [0x00000000f7600000,0x00000000f7600000,0x00000000f8800000)
 ParOldGen       total 73728K, used 54887K [0x00000000c0e00000, 0x00000000c5600000, 0x00000000eaf80000)
  object space 73728K, 74% used [0x00000000c0e00000,0x00000000c4399d10,0x00000000c5600000)
 Metaspace       used 30722K, capacity 32566K, committed 32768K, reserved 1079296K
  class space    used 3088K, capacity 3734K, committed 3840K, reserved 1048576K
Event: 28.982 GC heap after
Heap after GC invocations=14 (full 1):
 PSYoungGen      total 221696K, used 18410K [0x00000000eaf80000, 0x00000000fa980000, 0x0000000100000000)
  eden space 203264K, 0% used [0x00000000eaf80000,0x00000000eaf80000,0x00000000f7600000)
  from space 18432K, 99% used [0x00000000f7600000,0x00000000f87fa9a0,0x00000000f8800000)
  to   space 26112K, 0% used [0x00000000f9000000,0x00000000f9000000,0x00000000fa980000)
 ParOldGen       total 73728K, used 58824K [0x00000000c0e00000, 0x00000000c5600000, 0x00000000eaf80000)
  object space 73728K, 79% used [0x00000000c0e00000,0x00000000c4772290,0x00000000c5600000)
 Metaspace       used 30722K, capacity 32566K, committed 32768K, reserved 1079296K
  class space    used 3088K, capacity 3734K, committed 3840K, reserved 1048576K
}

