# JRE version: OpenJDK Runtime Environment (8.0_152-b01) (build 1.8.0_152-release-1343-b01)
# Java VM: OpenJDK 64-Bit Server VM (25.152-b01 mixed mode windows-amd64 compressed oops)
Heap:
 PSYoungGen      total 246784K, used 110668K [0x00000000eaf80000, 0x00000000fb500000, 0x0000000100000000)
  eden space 225792K, 49% used [0x00000000eaf80000,0x00000000f1b93138,0x00000000f8c00000)
  from space 20992K, 0% used [0x00000000f8c00000,0x00000000f8c00000,0x00000000fa080000)
  to   space 19456K, 0% used [0x00000000fa200000,0x00000000fa200000,0x00000000fb500000)
 ParOldGen       total 76800K, used 70797K [0x00000000c0e00000, 0x00000000c5900000, 0x00000000eaf80000)
  object space 76800K, 92% used [0x00000000c0e00000,0x00000000c53234b0,0x00000000c5900000)
 Metaspace       used 32040K, capacity 33914K, committed 34176K, reserved 1079296K
  class space    used 3246K, capacity 3906K, committed 3968K, reserved 1048576K
GC Heap History (10 events):
Event: 21.663 GC heap before
{Heap before GC invocations=13 (full 1):
 PSYoungGen      total 176128K, used 10432K [0x00000000eaf80000, 0x00000000f6d00000, 0x0000000100000000)
  eden space 158208K, 0% used [0x00000000eaf80000,0x00000000eaf80000,0x00000000f4a00000)
  from space 17920K, 58% used [0x00000000f5b80000,0x00000000f65b0000,0x00000000f6d00000)
  to   space 17920K, 0% used [0x00000000f4a00000,0x00000000f4a00000,0x00000000f5b80000)
 ParOldGen       total 44032K, used 41923K [0x00000000c0e00000, 0x00000000c3900000, 0x00000000eaf80000)
  object space 44032K, 95% used [0x00000000c0e00000,0x00000000c36f0db0,0x00000000c3900000)
 Metaspace       used 19237K, capacity 20066K, committed 20224K, reserved 1067008K
  class space    used 1957K, capacity 2293K, committed 2304K, reserved 1048576K
Event: 21.913 GC heap after
Heap after GC invocations=13 (full 1):
 PSYoungGen      total 176128K, used 181K [0x00000000eaf80000, 0x00000000f6d00000, 0x0000000100000000)
  eden space 158208K, 0% used [0x00000000eaf80000,0x00000000eaf80000,0x00000000f4a00000)
  from space 17920K, 1% used [0x00000000f5b80000,0x00000000f5bad5d0,0x00000000f6d00000)
  to   space 17920K, 0% used [0x00000000f4a00000,0x00000000f4a00000,0x00000000f5b80000)
 ParOldGen       total 76800K, used 43852K [0x00000000c0e00000, 0x00000000c5900000, 0x00000000eaf80000)
  object space 76800K, 57% used [0x00000000c0e00000,0x00000000c38d32e8,0x00000000c5900000)
 Metaspace       used 19237K, capacity 20066K, committed 20224K, reserved 1067008K
  class space    used 1957K, capacity 2293K, committed 2304K, reserved 1048576K
}
Event: 23.042 GC heap before
{Heap before GC invocations=14 (full 1):
 PSYoungGen      total 176128K, used 158389K [0x00000000eaf80000, 0x00000000f6d00000, 0x0000000100000000)
  eden space 158208K, 100% used [0x00000000eaf80000,0x00000000f4a00000,0x00000000f4a00000)
  from space 17920K, 1% used [0x00000000f5b80000,0x00000000f5bad5d0,0x00000000f6d00000)
  to   space 17920K, 0% used [0x00000000f4a00000,0x00000000f4a00000,0x00000000f5b80000)
 ParOldGen       total 76800K, used 43852K [0x00000000c0e00000, 0x00000000c5900000, 0x00000000eaf80000)
  object space 76800K, 57% used [0x00000000c0e00000,0x00000000c38d32e8,0x00000000c5900000)
 Metaspace       used 19257K, capacity 20072K, committed 20224K, reserved 1067008K
  class space    used 1961K, capacity 2294K, committed 2304K, reserved 1048576K
Event: 23.105 GC heap after
Heap after GC invocations=14 (full 1):
 PSYoungGen      total 176128K, used 17893K [0x00000000eaf80000, 0x00000000fb680000, 0x0000000100000000)
  eden space 158208K, 0% used [0x00000000eaf80000,0x00000000eaf80000,0x00000000f4a00000)
  from space 17920K, 99% used [0x00000000f4a00000,0x00000000f5b79630,0x00000000f5b80000)
  to   space 20992K, 0% used [0x00000000fa200000,0x00000000fa200000,0x00000000fb680000)
 ParOldGen       total 76800K, used 45228K [0x00000000c0e00000, 0x00000000c5900000, 0x00000000eaf80000)
  object space 76800K, 58% used [0x00000000c0e00000,0x00000000c3a2b2e8,0x00000000c5900000)
 Metaspace       used 19257K, capacity 20072K, committed 20224K, reserved 1067008K
  class space    used 1961K, capacity 2294K, committed 2304K, reserved 1048576K
}
Event: 24.845 GC heap before
{Heap before GC invocations=15 (full 1):
 PSYoungGen      total 176128K, used 176101K [0x00000000eaf80000, 0x00000000fb680000, 0x0000000100000000)
  eden space 158208K, 100% used [0x00000000eaf80000,0x00000000f4a00000,0x00000000f4a00000)
  from space 17920K, 99% used [0x00000000f4a00000,0x00000000f5b79630,0x00000000f5b80000)
  to   space 20992K, 0% used [0x00000000fa200000,0x00000000fa200000,0x00000000fb680000)
 ParOldGen       total 76800K, used 45228K [0x00000000c0e00000, 0x00000000c5900000, 0x00000000eaf80000)
  object space 76800K, 58% used [0x00000000c0e00000,0x00000000c3a2b2e8,0x00000000c5900000)
 Metaspace       used 22656K, capacity 23836K, committed 24064K, reserved 1071104K
  class space    used 2282K, capacity 2710K, committed 2816K, reserved 1048576K
Event: 24.882 GC heap after
Heap after GC invocations=15 (full 1):
 PSYoungGen      total 245248K, used 11018K [0x00000000eaf80000, 0x00000000fb500000, 0x0000000100000000)
  eden space 225792K, 0% used [0x00000000eaf80000,0x00000000eaf80000,0x00000000f8c00000)
  from space 19456K, 56% used [0x00000000fa200000,0x00000000facc2b00,0x00000000fb500000)
  to   space 20992K, 0% used [0x00000000f8c00000,0x00000000f8c00000,0x00000000fa080000)
 ParOldGen       total 76800K, used 60893K [0x00000000c0e00000, 0x00000000c5900000, 0x00000000eaf80000)
  object space 76800K, 79% used [0x00000000c0e00000,0x00000000c4977670,0x00000000c5900000)
 Metaspace       used 22656K, capacity 23836K, committed 24064K, reserved 1071104K
  class space    used 2282K, capacity 2710K, committed 2816K, reserved 1048576K
}
Event: 26.811 GC heap before
{Heap before GC invocations=16 (full 1):
 PSYoungGen      total 245248K, used 236810K [0x00000000eaf80000, 0x00000000fb500000, 0x0000000100000000)
  eden space 225792K, 100% used [0x00000000eaf80000,0x00000000f8c00000,0x00000000f8c00000)
  from space 19456K, 56% used [0x00000000fa200000,0x00000000facc2b00,0x00000000fb500000)
  to   space 20992K, 0% used [0x00000000f8c00000,0x00000000f8c00000,0x00000000fa080000)
 ParOldGen       total 76800K, used 60893K [0x00000000c0e00000, 0x00000000c5900000, 0x00000000eaf80000)
  object space 76800K, 79% used [0x00000000c0e00000,0x00000000c4977670,0x00000000c5900000)
 Metaspace       used 27806K, capacity 29472K, committed 29696K, reserved 1075200K
  class space    used 2722K, capacity 3315K, committed 3328K, reserved 1048576K
Event: 26.838 GC heap after
Heap after GC invocations=16 (full 1):
 PSYoungGen      total 246784K, used 6546K [0x00000000eaf80000, 0x00000000fb500000, 0x0000000100000000)
  eden space 225792K, 0% used [0x00000000eaf80000,0x00000000eaf80000,0x00000000f8c00000)
  from space 20992K, 31% used [0x00000000f8c00000,0x00000000f9264850,0x00000000fa080000)
  to   space 19456K, 0% used [0x00000000fa200000,0x00000000fa200000,0x00000000fb500000)
 ParOldGen       total 76800K, used 70093K [0x00000000c0e00000, 0x00000000c5900000, 0x00000000eaf80000)
  object space 76800K, 91% used [0x00000000c0e00000,0x00000000c5273658,0x00000000c5900000)
 Metaspace       used 27806K, capacity 29472K, committed 29696K, reserved 1075200K
  class space    used 2722K, capacity 3315K, committed 3328K, reserved 1048576K
}
Event: 26.838 GC heap before
{Heap before GC invocations=17 (full 2):
 PSYoungGen      total 246784K, used 6546K [0x00000000eaf80000, 0x00000000fb500000, 0x0000000100000000)
  eden space 225792K, 0% used [0x00000000eaf80000,0x00000000eaf80000,0x00000000f8c00000)
  from space 20992K, 31% used [0x00000000f8c00000,0x00000000f9264850,0x00000000fa080000)
  to   space 19456K, 0% used [0x00000000fa200000,0x00000000fa200000,0x00000000fb500000)
 ParOldGen       total 76800K, used 70093K [0x00000000c0e00000, 0x00000000c5900000, 0x00000000eaf80000)
  object space 76800K, 91% used [0x00000000c0e00000,0x00000000c5273658,0x00000000c5900000)
 Metaspace       used 27806K, capacity 29472K, committed 29696K, reserved 1075200K
  class space    used 2722K, capacity 3315K, committed 3328K, reserved 1048576K
Event: 27.096 GC heap after
Heap after GC invocations=17 (full 2):
 PSYoungGen      total 246784K, used 0K [0x00000000eaf80000, 0x00000000fb500000, 0x0000000100000000)
  eden space 225792K, 0% used [0x00000000eaf80000,0x00000000eaf80000,0x00000000f8c00000)
  from space 20992K, 0% used [0x00000000f8c00000,0x00000000f8c00000,0x00000000fa080000)
  to   space 19456K, 0% used [0x00000000fa200000,0x00000000fa200000,0x00000000fb500000)
 ParOldGen       total 76800K, used 70797K [0x00000000c0e00000, 0x00000000c5900000, 0x00000000eaf80000)
  object space 76800K, 92% used [0x00000000c0e00000,0x00000000c53234b0,0x00000000c5900000)
 Metaspace       used 27806K, capacity 29472K, committed 29696K, reserved 1075200K
  class space    used 2722K, capacity 3315K, committed 3328K, reserved 1048576K
}

